0 info it worked if it ends with ok
1 verbose cli [ '/Users/chrkolst/.nvm/versions/node/v5.7.1/bin/node',
1 verbose cli   '/Users/chrkolst/.nvm/versions/node/v5.7.1/bin/npm',
1 verbose cli   'run',
1 verbose cli   'start' ]
2 info using npm@3.6.0
3 info using node@v5.7.1
4 verbose run-script [ 'prestart', 'start', 'poststart' ]
5 info lifecycle firetruck@1.0.0~prestart: firetruck@1.0.0
6 silly lifecycle firetruck@1.0.0~prestart: no script for prestart, continuing
7 info lifecycle firetruck@1.0.0~start: firetruck@1.0.0
8 verbose lifecycle firetruck@1.0.0~start: unsafe-perm in lifecycle true
9 verbose lifecycle firetruck@1.0.0~start: PATH: /Users/chrkolst/.nvm/versions/node/v5.7.1/lib/node_modules/npm/bin/node-gyp-bin:/Users/chrkolst/src/chriswk/firetruck/frontend/node_modules/.bin:/Users/chrkolst/.rvm/gems/ruby-2.3.0/bin:/Users/chrkolst/.rvm/gems/ruby-2.3.0@global/bin:/Users/chrkolst/.rvm/rubies/ruby-2.3.0/bin:/Users/chrkolst/.nvm/versions/node/v5.7.1/bin:/usr/local/sbin:/Users/chrkolst/.sdkman/candidates/springboot/current/bin:/Users/chrkolst/.sdkman/candidates/scala/current/bin:/Users/chrkolst/.sdkman/candidates/sbt/current/bin:/Users/chrkolst/.sdkman/candidates/lazybones/current/bin:/Users/chrkolst/.sdkman/candidates/groovy/current/bin:/Users/chrkolst/.sdkman/candidates/grails/current/bin:/Users/chrkolst/.sdkman/candidates/gradle/current/bin:/Users/chrkolst/.sdkman/candidates/ant/current/bin:/Users/chrkolst/.cabal/bin:/usr/local/bin:/usr/local/bin:/usr/local/sbin:/usr/bin:/bin:/usr/sbin:/sbin:/opt/X11/bin:/Library/TeX/texbin:/Users/chrkolst/bin:/Users/chrkolst/.rvm/bin:/Users/chrkolst/src/go/bin
10 verbose lifecycle firetruck@1.0.0~start: CWD: /Users/chrkolst/src/chriswk/firetruck/frontend
11 silly lifecycle firetruck@1.0.0~start: Args: [ '-c',
11 silly lifecycle   'webpack-dev-server --hot --inline --content-base src/' ]
12 silly lifecycle firetruck@1.0.0~start: Returned: code: 1  signal: null
13 info lifecycle firetruck@1.0.0~start: Failed to exec start script
14 verbose stack Error: firetruck@1.0.0 start: `webpack-dev-server --hot --inline --content-base src/`
14 verbose stack Exit status 1
14 verbose stack     at EventEmitter.<anonymous> (/Users/chrkolst/.nvm/versions/node/v5.7.1/lib/node_modules/npm/lib/utils/lifecycle.js:232:16)
14 verbose stack     at emitTwo (events.js:100:13)
14 verbose stack     at EventEmitter.emit (events.js:185:7)
14 verbose stack     at ChildProcess.<anonymous> (/Users/chrkolst/.nvm/versions/node/v5.7.1/lib/node_modules/npm/lib/utils/spawn.js:24:14)
14 verbose stack     at emitTwo (events.js:100:13)
14 verbose stack     at ChildProcess.emit (events.js:185:7)
14 verbose stack     at maybeClose (internal/child_process.js:827:16)
14 verbose stack     at Process.ChildProcess._handle.onexit (internal/child_process.js:211:5)
15 verbose pkgid firetruck@1.0.0
16 verbose cwd /Users/chrkolst/src/chriswk/firetruck/frontend
17 error Darwin 15.5.0
18 error argv "/Users/chrkolst/.nvm/versions/node/v5.7.1/bin/node" "/Users/chrkolst/.nvm/versions/node/v5.7.1/bin/npm" "run" "start"
19 error node v5.7.1
20 error npm  v3.6.0
21 error code ELIFECYCLE
22 error firetruck@1.0.0 start: `webpack-dev-server --hot --inline --content-base src/`
22 error Exit status 1
23 error Failed at the firetruck@1.0.0 start script 'webpack-dev-server --hot --inline --content-base src/'.
23 error Make sure you have the latest version of node.js and npm installed.
23 error If you do, this is most likely a problem with the firetruck package,
23 error not with npm itself.
23 error Tell the author that this fails on your system:
23 error     webpack-dev-server --hot --inline --content-base src/
23 error You can get information on how to open an issue for this project with:
23 error     npm bugs firetruck
23 error Or if that isn't available, you can get their info via:
23 error     npm owner ls firetruck
23 error There is likely additional logging output above.
24 verbose exit [ 1, true ]
